TN:
SF:two-sum.js
FN:3,findPair
FN:34,run
FNF:2
FNH:2
FNDA:5,findPair
FNDA:1,run
DA:1,1
DA:2,1
DA:3,1
DA:4,5
DA:5,1
DA:6,1
DA:7,4
DA:8,4
DA:9,4
DA:10,4
DA:11,4
DA:12,4
DA:13,5
DA:14,10
DA:15,10
DA:16,10
DA:17,10
DA:18,10
DA:19,10
DA:20,3
DA:21,3
DA:22,7
DA:23,10
DA:24,3
DA:25,10
DA:26,4
DA:27,4
DA:28,10
DA:29,1
DA:30,1
DA:31,1
DA:32,1
DA:33,1
DA:34,1
DA:35,1
DA:36,1
DA:37,1
DA:38,1
DA:39,1
DA:40,1
DA:41,1
DA:42,1
DA:43,1
DA:44,1
DA:45,1
DA:46,1
DA:47,1
DA:48,1
DA:49,1
DA:50,1
DA:51,1
DA:52,1
DA:53,1
DA:54,1
LF:54
LH:54
BRDA:3,0,0,5
BRDA:4,1,0,1
BRDA:6,2,0,4
BRDA:13,3,0,10
BRDA:19,4,0,3
BRDA:21,5,0,7
BRDA:23,6,0,3
BRDA:25,7,0,4
BRDA:28,8,0,1
BRDA:8,9,0,59
BRDA:34,10,0,1
BRF:11
BRH:11
end_of_record
TN:
SF:helpers\helpers.js
FN:1,stringToArrayOfNumbers
FN:12,toNumber
FNF:2
FNH:2
FNDA:4,stringToArrayOfNumbers
FNDA:3,toNumber
DA:1,1
DA:2,4
DA:3,2
DA:4,2
DA:5,2
DA:6,2
DA:7,2
DA:8,2
DA:9,2
DA:10,2
DA:11,1
DA:12,1
DA:13,3
DA:14,2
DA:15,2
DA:16,1
DA:17,1
DA:18,1
DA:19,1
DA:20,1
DA:21,1
DA:22,1
LF:22
LH:22
BRDA:1,0,0,4
BRDA:2,1,0,2
BRDA:12,2,0,3
BRDA:13,3,0,2
BRDA:15,4,0,1
BRF:5
BRH:5
end_of_record
