TN:
SF:three-sum.js
FN:3,findTriple
FN:37,run
FNF:2
FNH:1
FNDA:5,findTriple
FNDA:0,run
DA:1,1
DA:2,1
DA:3,1
DA:4,5
DA:5,5
DA:6,1
DA:7,1
DA:8,4
DA:9,4
DA:10,4
DA:11,4
DA:12,5
DA:13,6
DA:14,6
DA:15,6
DA:16,23
DA:17,23
DA:18,23
DA:19,23
DA:20,23
DA:21,23
DA:22,23
DA:23,5
DA:24,5
DA:25,23
DA:26,14
DA:27,18
DA:28,4
DA:29,4
DA:30,23
DA:31,6
DA:32,4
DA:33,4
DA:34,4
DA:35,1
DA:36,1
DA:37,1
DA:38,0
DA:39,0
DA:40,0
DA:41,0
DA:42,0
DA:43,0
DA:44,0
DA:45,0
DA:46,0
DA:47,0
DA:48,0
DA:49,0
DA:50,1
DA:51,1
DA:52,1
DA:53,1
DA:54,0
DA:55,0
DA:56,1
DA:57,1
LF:57
LH:43
BRDA:53,0,0,0
BRDA:3,1,0,5
BRDA:5,2,0,1
BRDA:7,3,0,4
BRDA:12,4,0,6
BRDA:15,5,0,23
BRDA:22,6,0,5
BRDA:25,7,0,18
BRDA:25,8,0,14
BRDA:27,9,0,4
BRDA:31,10,0,4
BRDA:9,11,0,35
BRF:12
BRH:11
end_of_record
TN:
SF:two-sum.js
FN:3,findPair
FN:34,run
FNF:2
FNH:1
FNDA:4,findPair
FNDA:0,run
DA:1,1
DA:2,1
DA:3,1
DA:4,4
DA:5,1
DA:6,1
DA:7,3
DA:8,3
DA:9,3
DA:10,3
DA:11,3
DA:12,3
DA:13,4
DA:14,6
DA:15,6
DA:16,6
DA:17,6
DA:18,6
DA:19,6
DA:20,2
DA:21,2
DA:22,4
DA:23,6
DA:24,2
DA:25,2
DA:26,2
DA:27,2
DA:28,6
DA:29,1
DA:30,1
DA:31,1
DA:32,1
DA:33,1
DA:34,1
DA:35,0
DA:36,0
DA:37,0
DA:38,0
DA:39,0
DA:40,0
DA:41,0
DA:42,0
DA:43,0
DA:44,0
DA:45,0
DA:46,0
DA:47,1
DA:48,1
DA:49,1
DA:50,1
DA:51,0
DA:52,0
DA:53,1
DA:54,1
LF:54
LH:40
BRDA:50,0,0,0
BRDA:3,1,0,4
BRDA:4,2,0,1
BRDA:6,3,0,3
BRDA:13,4,0,6
BRDA:19,5,0,2
BRDA:21,6,0,4
BRDA:23,7,0,2
BRDA:28,8,0,1
BRDA:8,9,0,35
BRF:10
BRH:9
end_of_record
TN:
SF:helpers\helpers.js
FN:1,stringToArrayOfNumbers
FN:12,toNumber
FNF:2
FNH:2
FNDA:3,stringToArrayOfNumbers
FNDA:2,toNumber
DA:1,1
DA:2,3
DA:3,1
DA:4,1
DA:5,2
DA:6,2
DA:7,2
DA:8,2
DA:9,2
DA:10,2
DA:11,1
DA:12,1
DA:13,2
DA:14,1
DA:15,1
DA:16,1
DA:17,1
DA:18,1
DA:19,1
DA:20,1
DA:21,1
DA:22,1
LF:22
LH:22
BRDA:1,0,0,3
BRDA:2,1,0,1
BRDA:4,2,0,2
BRDA:12,3,0,2
BRDA:13,4,0,1
BRF:5
BRH:5
end_of_record
